<?xml version="1.0" encoding="UTF-8"?>
<!-- Generated by org.testng.reporters.JUnitReportReporter -->
<testsuite hostname="LIN20001380" failures="0" tests="2" name="com.qa.test.calTest2" time="0.000" errors="0" timestamp="14 Jun 2021 16:00:42 GMT" skipped="0">
  <testcase classname="com.qa.test.calTest2" name="add" time="0.000"/>
  <testcase classname="com.qa.test.calTest2" name="sub" time="0.000"/>
</testsuite> <!-- com.qa.test.calTest2 -->
