<?xml version="1.0" encoding="UTF-8"?>
<!-- Generated by org.testng.reporters.JUnitReportReporter -->
<testsuite hostname="LIN20001380" failures="0" tests="2" name="webAutomation.formAutomation" time="5.561" errors="0" timestamp="2021-04-19T17:17:43 IST" skipped="0">
  <testcase classname="webAutomation.formAutomation" name="inputForm" time="5.333"/>
  <system-out/>
  <testcase classname="webAutomation.formAutomation" name="multipleInputFields" time="0.228"/>
  <system-out/>
</testsuite> <!-- webAutomation.formAutomation -->
