<?xml version="1.0" encoding="UTF-8"?>
<!-- Generated by org.testng.reporters.JUnitReportReporter -->
<testsuite hostname="LIN20001380" failures="0" tests="1" name="firstTestNGTutorial.WithoutTypingData" time="4.253" errors="0" timestamp="2021-04-16T22:03:45 IST" skipped="0">
  <testcase classname="firstTestNGTutorial.WithoutTypingData" name="TestData" time="4.253"/>
  <system-out/>
</testsuite> <!-- firstTestNGTutorial.WithoutTypingData -->
