<?xml version="1.0" encoding="UTF-8"?>
<!-- Generated by org.testng.reporters.JUnitReportReporter -->
<testsuite hostname="LIN20001380" failures="0" tests="1" name="firstTestNGTutorial.CaptureScreenshot" time="6.962" errors="0" timestamp="2021-04-16T02:23:44 IST" skipped="0">
  <testcase classname="firstTestNGTutorial.CaptureScreenshot" name="captureScreenshot" time="6.962"/>
  <system-out/>
</testsuite> <!-- firstTestNGTutorial.CaptureScreenshot -->
