<?xml version="1.0" encoding="UTF-8"?>
<!-- Generated by org.testng.reporters.JUnitReportReporter -->
<testsuite hostname="LIN20001380" failures="0" tests="3" name="firstTestNGTutorial.FirstTestNGScript" time="0.008" errors="0" timestamp="2021-03-14T00:55:27 IST" skipped="0">
  <testcase classname="firstTestNGTutorial.FirstTestNGScript" name="Logintoapplication" time="0.006"/>
  <system-out/>
  <testcase classname="firstTestNGTutorial.FirstTestNGScript" name="SelectItems" time="0.001"/>
  <system-out/>
  <testcase classname="firstTestNGTutorial.FirstTestNGScript" name="checkout" time="0.001"/>
  <system-out/>
</testsuite> <!-- firstTestNGTutorial.FirstTestNGScript -->
