<?xml version="1.0" encoding="UTF-8"?>
<!-- Generated by org.testng.reporters.JUnitReportReporter -->
<testsuite hostname="LIN20001380" failures="0" tests="1" name="firstTestNGTutorial.handleWindow" time="13.968" errors="0" timestamp="2021-04-16T19:44:34 IST" skipped="0">
  <testcase classname="firstTestNGTutorial.handleWindow" name="HandleWindow" time="13.968"/>
  <system-out/>
</testsuite> <!-- firstTestNGTutorial.handleWindow -->
