<?xml version="1.0" encoding="UTF-8"?>
<!-- Generated by org.testng.reporters.JUnitReportReporter -->
<testsuite hostname="LIN20001380" failures="0" tests="1" name="firstTestNGTutorial.HandleAlert" time="14.823" errors="0" timestamp="2021-04-16T14:06:11 IST" skipped="0">
  <testcase classname="firstTestNGTutorial.HandleAlert" name="handleAlert" time="14.823"/>
  <system-out/>
</testsuite> <!-- firstTestNGTutorial.HandleAlert -->
