<?xml version="1.0" encoding="UTF-8"?>
<!-- Generated by org.testng.reporters.JUnitReportReporter -->
<testsuite hostname="LIN20001380" failures="0" tests="1" name="firstTestNGTutorial.VerifyErrorDemo" time="8.846" errors="0" timestamp="2021-04-19T15:40:44 IST" skipped="0">
  <testcase classname="firstTestNGTutorial.VerifyErrorDemo" name="verifyerror" time="8.846"/>
  <system-out/>
</testsuite> <!-- firstTestNGTutorial.VerifyErrorDemo -->
