<?xml version="1.0" encoding="UTF-8"?>
<!-- Generated by org.testng.reporters.JUnitReportReporter -->
<testsuite hostname="LIN20001380" failures="0" tests="1" name="listenersDemo.VerifyTitle" time="5.106" errors="0" timestamp="2021-03-19T02:01:11 IST" skipped="0">
  <testcase classname="listenersDemo.VerifyTitle" name="gooleverifytitle" time="5.106"/>
  <system-out/>
</testsuite> <!-- listenersDemo.VerifyTitle -->
