<?xml version="1.0" encoding="UTF-8"?>
<!-- Generated by org.testng.reporters.JUnitReportReporter -->
<testsuite hostname="LIN20001380" failures="0" tests="3" name="firstTestNGTutorial.CrossBrowserDemo" time="37.459" errors="0" timestamp="2021-03-18T21:51:33 IST" skipped="0">
  <testcase classname="firstTestNGTutorial.CrossBrowserDemo" name="verifytitle" time="12.514"/>
  <system-out/>
  <testcase classname="firstTestNGTutorial.CrossBrowserDemo" name="verifytitle" time="15.611"/>
  <system-out/>
  <testcase classname="firstTestNGTutorial.CrossBrowserDemo" name="verifytitle" time="9.334"/>
  <system-out/>
</testsuite> <!-- firstTestNGTutorial.CrossBrowserDemo -->
